--------------------
q2 > Test #2
FAILURE
name:        check-equal?
location:    q2-bb.rkt:167:4
expression:  (check-equal? (canonical (variables-defined-by BLOCK-1)) (canonical (list "x5" "z")) "variables-defined-by should return these elements")
params:      '(("x5") ("x5" "z"))
message:     "variables-defined-by should return these elements"
actual:      '("x5")
expected:    '("x5" "z")
--------------------
--------------------
q2 > Test #5
FAILURE
name:        check-equal?
location:    q2-bb.rkt:190:4
expression:  (check-equal? (canonical (make-set (variables-used-by BLOCK-1))) (canonical (list "x" "y" "x6" "x7")) "variables-used-by should return these elements")
params:      '(("x6" "x7") ("x" "x6" "x7" "y"))
message:     "variables-used-by should return these elements"
actual:      '("x6" "x7")
expected:    '("x" "x6" "x7" "y")
--------------------
--------------------
q2 > Test #15
FAILURE
name:        check-equal?
location:    q2-bb.rkt:273:4
expression:  (check-equal? (canonical (variables-defined-by CALL-3)) (canonical (list "b" "a" "c" "x" "d" "z")) "variables-defined-by should return these elements without duplicates")
params:      '(("a" "b" "c") ("a" "b" "c" "d" "x" "z"))
message:     "variables-defined-by should return these elements without duplicates"
actual:      '("a" "b" "c")
expected:    '("a" "b" "c" "d" "x" "z")
--------------------
13 success(es) 3 failure(s) 0 error(s) 16 test(s) run
extras.rkt Wed Sep 14 08:52:19 2016
q2.rkt appears to be in a correctly named folder. Running tests...
Running tests from q2.rkt...
All tests passed (27 tests).
3
